2023-11-30 13:37:42.772 - INFO 23716 traceID= --- [main] c.t.gateway.GatewayCloudApplication      : Starting GatewayCloudApplication using Java 17.0.9 with PID 23716 (D:\Projects\javaProject\TraceCloud-master\gateway\target\classes started by wuyue in D:\Projects\javaProject\TraceCloud-master)
2023-11-30 13:37:42.803 - INFO 23716 traceID= --- [main] c.t.gateway.GatewayCloudApplication      : No active profile set, falling back to 1 default profile: "default"
2023-11-30 13:37:44.346 - INFO 23716 traceID= --- [main] o.s.cloud.context.scope.GenericScope     : BeanFactory id=8fcf43e2-f57b-3c51-8e43-f5b7bc42623e
2023-11-30 13:37:44.444 - INFO 23716 traceID= --- [main] trationDelegate$BeanPostProcessorChecker : Bean 'org.springframework.cloud.client.loadbalancer.reactive.LoadBalancerBeanPostProcessorAutoConfiguration' of type [org.springframework.cloud.client.loadbalancer.reactive.LoadBalancerBeanPostProcessorAutoConfiguration] is not eligible for getting processed by all BeanPostProcessors (for example: not eligible for auto-proxying)
2023-11-30 13:37:44.445 - INFO 23716 traceID= --- [main] trationDelegate$BeanPostProcessorChecker : Bean 'org.springframework.cloud.client.loadbalancer.reactive.LoadBalancerBeanPostProcessorAutoConfiguration$ReactorDeferringLoadBalancerFilterConfig' of type [org.springframework.cloud.client.loadbalancer.reactive.LoadBalancerBeanPostProcessorAutoConfiguration$ReactorDeferringLoadBalancerFilterConfig] is not eligible for getting processed by all BeanPostProcessors (for example: not eligible for auto-proxying)
2023-11-30 13:37:44.447 - INFO 23716 traceID= --- [main] trationDelegate$BeanPostProcessorChecker : Bean 'reactorDeferringLoadBalancerExchangeFilterFunction' of type [org.springframework.cloud.client.loadbalancer.reactive.DeferringLoadBalancerExchangeFilterFunction] is not eligible for getting processed by all BeanPostProcessors (for example: not eligible for auto-proxying)
2023-11-30 13:37:46.180 - INFO 23716 traceID= --- [main] o.s.c.g.r.RouteDefinitionRouteLocator    : Loaded RoutePredicateFactory [After]
2023-11-30 13:37:46.181 - INFO 23716 traceID= --- [main] o.s.c.g.r.RouteDefinitionRouteLocator    : Loaded RoutePredicateFactory [Before]
2023-11-30 13:37:46.181 - INFO 23716 traceID= --- [main] o.s.c.g.r.RouteDefinitionRouteLocator    : Loaded RoutePredicateFactory [Between]
2023-11-30 13:37:46.181 - INFO 23716 traceID= --- [main] o.s.c.g.r.RouteDefinitionRouteLocator    : Loaded RoutePredicateFactory [Cookie]
2023-11-30 13:37:46.181 - INFO 23716 traceID= --- [main] o.s.c.g.r.RouteDefinitionRouteLocator    : Loaded RoutePredicateFactory [Header]
2023-11-30 13:37:46.181 - INFO 23716 traceID= --- [main] o.s.c.g.r.RouteDefinitionRouteLocator    : Loaded RoutePredicateFactory [Host]
2023-11-30 13:37:46.182 - INFO 23716 traceID= --- [main] o.s.c.g.r.RouteDefinitionRouteLocator    : Loaded RoutePredicateFactory [Method]
2023-11-30 13:37:46.183 - INFO 23716 traceID= --- [main] o.s.c.g.r.RouteDefinitionRouteLocator    : Loaded RoutePredicateFactory [Path]
2023-11-30 13:37:46.184 - INFO 23716 traceID= --- [main] o.s.c.g.r.RouteDefinitionRouteLocator    : Loaded RoutePredicateFactory [Query]
2023-11-30 13:37:46.184 - INFO 23716 traceID= --- [main] o.s.c.g.r.RouteDefinitionRouteLocator    : Loaded RoutePredicateFactory [ReadBody]
2023-11-30 13:37:46.184 - INFO 23716 traceID= --- [main] o.s.c.g.r.RouteDefinitionRouteLocator    : Loaded RoutePredicateFactory [RemoteAddr]
2023-11-30 13:37:46.184 - INFO 23716 traceID= --- [main] o.s.c.g.r.RouteDefinitionRouteLocator    : Loaded RoutePredicateFactory [XForwardedRemoteAddr]
2023-11-30 13:37:46.184 - INFO 23716 traceID= --- [main] o.s.c.g.r.RouteDefinitionRouteLocator    : Loaded RoutePredicateFactory [Weight]
2023-11-30 13:37:46.184 - INFO 23716 traceID= --- [main] o.s.c.g.r.RouteDefinitionRouteLocator    : Loaded RoutePredicateFactory [CloudFoundryRouteService]
2023-11-30 13:37:46.937 - WARN 23716 traceID= --- [main] iguration$LoadBalancerCaffeineWarnLogger : Spring Cloud LoadBalancer is currently working with the default cache. While this cache implementation is useful for development and tests, it's recommended to use Caffeine cache in production.You can switch to using Caffeine cache, by adding it and org.springframework.cache.caffeine.CaffeineCacheManager to the classpath.
2023-11-30 13:37:47.477 - INFO 23716 traceID= --- [main] o.s.b.web.embedded.netty.NettyWebServer  : Netty started on port 8081
2023-11-30 13:37:48.503 - INFO 23716 traceID= --- [main] c.t.gateway.GatewayCloudApplication      : Started GatewayCloudApplication in 7.311 seconds (process running for 12.323)
2023-11-30 13:39:36.912 - INFO 24212 traceID= --- [main] c.t.gateway.GatewayCloudApplication      : Starting GatewayCloudApplication using Java 17.0.9 with PID 24212 (D:\Projects\javaProject\TraceCloud-master\gateway\target\classes started by wuyue in D:\Projects\javaProject\TraceCloud-master)
2023-11-30 13:39:36.925 - INFO 24212 traceID= --- [main] c.t.gateway.GatewayCloudApplication      : No active profile set, falling back to 1 default profile: "default"
2023-11-30 13:39:38.158 - INFO 24212 traceID= --- [main] o.s.cloud.context.scope.GenericScope     : BeanFactory id=8fcf43e2-f57b-3c51-8e43-f5b7bc42623e
2023-11-30 13:39:38.247 - INFO 24212 traceID= --- [main] trationDelegate$BeanPostProcessorChecker : Bean 'org.springframework.cloud.client.loadbalancer.reactive.LoadBalancerBeanPostProcessorAutoConfiguration' of type [org.springframework.cloud.client.loadbalancer.reactive.LoadBalancerBeanPostProcessorAutoConfiguration] is not eligible for getting processed by all BeanPostProcessors (for example: not eligible for auto-proxying)
2023-11-30 13:39:38.249 - INFO 24212 traceID= --- [main] trationDelegate$BeanPostProcessorChecker : Bean 'org.springframework.cloud.client.loadbalancer.reactive.LoadBalancerBeanPostProcessorAutoConfiguration$ReactorDeferringLoadBalancerFilterConfig' of type [org.springframework.cloud.client.loadbalancer.reactive.LoadBalancerBeanPostProcessorAutoConfiguration$ReactorDeferringLoadBalancerFilterConfig] is not eligible for getting processed by all BeanPostProcessors (for example: not eligible for auto-proxying)
2023-11-30 13:39:38.251 - INFO 24212 traceID= --- [main] trationDelegate$BeanPostProcessorChecker : Bean 'reactorDeferringLoadBalancerExchangeFilterFunction' of type [org.springframework.cloud.client.loadbalancer.reactive.DeferringLoadBalancerExchangeFilterFunction] is not eligible for getting processed by all BeanPostProcessors (for example: not eligible for auto-proxying)
2023-11-30 13:39:39.765 - INFO 24212 traceID= --- [main] o.s.c.g.r.RouteDefinitionRouteLocator    : Loaded RoutePredicateFactory [After]
2023-11-30 13:39:39.765 - INFO 24212 traceID= --- [main] o.s.c.g.r.RouteDefinitionRouteLocator    : Loaded RoutePredicateFactory [Before]
2023-11-30 13:39:39.766 - INFO 24212 traceID= --- [main] o.s.c.g.r.RouteDefinitionRouteLocator    : Loaded RoutePredicateFactory [Between]
2023-11-30 13:39:39.766 - INFO 24212 traceID= --- [main] o.s.c.g.r.RouteDefinitionRouteLocator    : Loaded RoutePredicateFactory [Cookie]
2023-11-30 13:39:39.766 - INFO 24212 traceID= --- [main] o.s.c.g.r.RouteDefinitionRouteLocator    : Loaded RoutePredicateFactory [Header]
2023-11-30 13:39:39.766 - INFO 24212 traceID= --- [main] o.s.c.g.r.RouteDefinitionRouteLocator    : Loaded RoutePredicateFactory [Host]
2023-11-30 13:39:39.767 - INFO 24212 traceID= --- [main] o.s.c.g.r.RouteDefinitionRouteLocator    : Loaded RoutePredicateFactory [Method]
2023-11-30 13:39:39.767 - INFO 24212 traceID= --- [main] o.s.c.g.r.RouteDefinitionRouteLocator    : Loaded RoutePredicateFactory [Path]
2023-11-30 13:39:39.767 - INFO 24212 traceID= --- [main] o.s.c.g.r.RouteDefinitionRouteLocator    : Loaded RoutePredicateFactory [Query]
2023-11-30 13:39:39.767 - INFO 24212 traceID= --- [main] o.s.c.g.r.RouteDefinitionRouteLocator    : Loaded RoutePredicateFactory [ReadBody]
2023-11-30 13:39:39.767 - INFO 24212 traceID= --- [main] o.s.c.g.r.RouteDefinitionRouteLocator    : Loaded RoutePredicateFactory [RemoteAddr]
2023-11-30 13:39:39.767 - INFO 24212 traceID= --- [main] o.s.c.g.r.RouteDefinitionRouteLocator    : Loaded RoutePredicateFactory [XForwardedRemoteAddr]
2023-11-30 13:39:39.768 - INFO 24212 traceID= --- [main] o.s.c.g.r.RouteDefinitionRouteLocator    : Loaded RoutePredicateFactory [Weight]
2023-11-30 13:39:39.768 - INFO 24212 traceID= --- [main] o.s.c.g.r.RouteDefinitionRouteLocator    : Loaded RoutePredicateFactory [CloudFoundryRouteService]
2023-11-30 13:39:40.419 - WARN 24212 traceID= --- [main] iguration$LoadBalancerCaffeineWarnLogger : Spring Cloud LoadBalancer is currently working with the default cache. While this cache implementation is useful for development and tests, it's recommended to use Caffeine cache in production.You can switch to using Caffeine cache, by adding it and org.springframework.cache.caffeine.CaffeineCacheManager to the classpath.
2023-11-30 13:39:40.977 - INFO 24212 traceID= --- [main] o.s.b.web.embedded.netty.NettyWebServer  : Netty started on port 8081
2023-11-30 13:39:41.757 - INFO 24212 traceID= --- [main] c.t.gateway.GatewayCloudApplication      : Started GatewayCloudApplication in 6.298 seconds (process running for 11.625)
2023-11-30 13:39:50.433 - INFO 24212 traceID=b805424b25a965a4bc6136949a9d1c02 --- [reactor-http-nio-2] c.t.gateway.filter.RouteLogFilter        : route customer to producer,route id: producer, http request url http://127.0.0.1:8081/api/producer 
